# JRE version: Java(TM) SE Runtime Environment (11.0.2+9) (build 11.0.2+9-LTS)
# Java VM: Java HotSpot(TM) 64-Bit Server VM (11.0.2+9-LTS, mixed mode, tiered, compressed oops, g1 gc, windows-amd64)
Heap:
 garbage-first heap   total 226304K, used 20910K [0x00000000c3200000, 0x0000000100000000)
  region size 1024K, 0 young (0K), 0 survivors (0K)
 Metaspace       used 8732K, capacity 8894K, committed 9216K, reserved 1056768K
  class space    used 803K, capacity 906K, committed 1024K, reserved 1048576K
GC Heap History (10 events):
Event: 6215.465 GC heap after
{Heap after GC invocations=11717 (full 0):
 garbage-first heap   total 124928K, used 20910K [0x00000000c3200000, 0x0000000100000000)
  region size 1024K, 0 young (0K), 0 survivors (0K)
 Metaspace       used 8732K, capacity 8894K, committed 9216K, reserved 1056768K
  class space    used 803K, capacity 906K, committed 1024K, reserved 1048576K
}
Event: 6215.899 GC heap before
{Heap before GC invocations=11717 (full 0):
 garbage-first heap   total 124928K, used 95662K [0x00000000c3200000, 0x0000000100000000)
  region size 1024K, 73 young (74752K), 0 survivors (0K)
 Metaspace       used 8732K, capacity 8894K, committed 9216K, reserved 1056768K
  class space    used 803K, capacity 906K, committed 1024K, reserved 1048576K
}
Event: 6215.899 GC heap after
{Heap after GC invocations=11718 (full 0):
 garbage-first heap   total 124928K, used 20910K [0x00000000c3200000, 0x0000000100000000)
  region size 1024K, 0 young (0K), 0 survivors (0K)
 Metaspace       used 8732K, capacity 8894K, committed 9216K, reserved 1056768K
  class space    used 803K, capacity 906K, committed 1024K, reserved 1048576K
}
Event: 6216.304 GC heap before
{Heap before GC invocations=11718 (full 0):
 garbage-first heap   total 124928K, used 95662K [0x00000000c3200000, 0x0000000100000000)
  region size 1024K, 73 young (74752K), 0 survivors (0K)
 Metaspace       used 8732K, capacity 8894K, committed 9216K, reserved 1056768K
  class space    used 803K, capacity 906K, committed 1024K, reserved 1048576K
}
Event: 6216.828 GC heap after
{Heap after GC invocations=11719 (full 0):
 garbage-first heap   total 124928K, used 20910K [0x00000000c3200000, 0x0000000100000000)
  region size 1024K, 0 young (0K), 0 survivors (0K)
 Metaspace       used 8732K, capacity 8894K, committed 9216K, reserved 1056768K
  class space    used 803K, capacity 906K, committed 1024K, reserved 1048576K
}
Event: 6217.188 GC heap before
{Heap before GC invocations=11719 (full 0):
 garbage-first heap   total 124928K, used 95662K [0x00000000c3200000, 0x0000000100000000)
  region size 1024K, 73 young (74752K), 0 survivors (0K)
 Metaspace       used 8732K, capacity 8894K, committed 9216K, reserved 1056768K
  class space    used 803K, capacity 906K, committed 1024K, reserved 1048576K
}
Event: 6217.188 GC heap after
{Heap after GC invocations=11720 (full 0):
 garbage-first heap   total 124928K, used 20910K [0x00000000c3200000, 0x0000000100000000)
  region size 1024K, 0 young (0K), 0 survivors (0K)
 Metaspace       used 8732K, capacity 8894K, committed 9216K, reserved 1056768K
  class space    used 803K, capacity 906K, committed 1024K, reserved 1048576K
}
Event: 6217.562 GC heap before
{Heap before GC invocations=11720 (full 0):
 garbage-first heap   total 124928K, used 95662K [0x00000000c3200000, 0x0000000100000000)
  region size 1024K, 73 young (74752K), 0 survivors (0K)
 Metaspace       used 8732K, capacity 8894K, committed 9216K, reserved 1056768K
  class space    used 803K, capacity 906K, committed 1024K, reserved 1048576K
}
Event: 6217.562 GC heap after
{Heap after GC invocations=11721 (full 0):
 garbage-first heap   total 124928K, used 20910K [0x00000000c3200000, 0x0000000100000000)
  region size 1024K, 0 young (0K), 0 survivors (0K)
 Metaspace       used 8732K, capacity 8894K, committed 9216K, reserved 1056768K
  class space    used 803K, capacity 906K, committed 1024K, reserved 1048576K
}
Event: 6217.900 GC heap before
{Heap before GC invocations=11721 (full 0):
 garbage-first heap   total 124928K, used 95662K [0x00000000c3200000, 0x0000000100000000)
  region size 1024K, 73 young (74752K), 0 survivors (0K)
 Metaspace       used 8732K, capacity 8894K, committed 9216K, reserved 1056768K
  class space    used 803K, capacity 906K, committed 1024K, reserved 1048576K
}

