# JRE version: Java(TM) SE Runtime Environment (11.0.2+9) (build 11.0.2+9-LTS)
# Java VM: Java HotSpot(TM) 64-Bit Server VM (11.0.2+9-LTS, mixed mode, tiered, compressed oops, g1 gc, windows-amd64)
Heap:
 garbage-first heap   total 653312K, used 21241K [0x00000000c3200000, 0x0000000100000000)
  region size 1024K, 0 young (0K), 0 survivors (0K)
 Metaspace       used 8728K, capacity 8890K, committed 9216K, reserved 1056768K
  class space    used 803K, capacity 906K, committed 1024K, reserved 1048576K
GC Heap History (10 events):
Event: 5862.541 GC heap after
{Heap after GC invocations=12119 (full 0):
 garbage-first heap   total 423936K, used 21241K [0x00000000c3200000, 0x0000000100000000)
  region size 1024K, 0 young (0K), 0 survivors (0K)
 Metaspace       used 8728K, capacity 8890K, committed 9216K, reserved 1056768K
  class space    used 803K, capacity 906K, committed 1024K, reserved 1048576K
}
Event: 5864.603 GC heap before
{Heap before GC invocations=12119 (full 0):
 garbage-first heap   total 423936K, used 275193K [0x00000000c3200000, 0x0000000100000000)
  region size 1024K, 248 young (253952K), 0 survivors (0K)
 Metaspace       used 8728K, capacity 8890K, committed 9216K, reserved 1056768K
  class space    used 803K, capacity 906K, committed 1024K, reserved 1048576K
}
Event: 5864.606 GC heap after
{Heap after GC invocations=12120 (full 0):
 garbage-first heap   total 423936K, used 21241K [0x00000000c3200000, 0x0000000100000000)
  region size 1024K, 0 young (0K), 0 survivors (0K)
 Metaspace       used 8728K, capacity 8890K, committed 9216K, reserved 1056768K
  class space    used 803K, capacity 906K, committed 1024K, reserved 1048576K
}
Event: 5869.431 GC heap before
{Heap before GC invocations=12120 (full 0):
 garbage-first heap   total 423936K, used 275193K [0x00000000c3200000, 0x0000000100000000)
  region size 1024K, 248 young (253952K), 0 survivors (0K)
 Metaspace       used 8728K, capacity 8890K, committed 9216K, reserved 1056768K
  class space    used 803K, capacity 906K, committed 1024K, reserved 1048576K
}
Event: 5872.638 GC heap after
{Heap after GC invocations=12121 (full 0):
 garbage-first heap   total 423936K, used 21241K [0x00000000c3200000, 0x0000000100000000)
  region size 1024K, 0 young (0K), 0 survivors (0K)
 Metaspace       used 8728K, capacity 8890K, committed 9216K, reserved 1056768K
  class space    used 803K, capacity 906K, committed 1024K, reserved 1048576K
}
Event: 5876.990 GC heap before
{Heap before GC invocations=12121 (full 0):
 garbage-first heap   total 423936K, used 275193K [0x00000000c3200000, 0x0000000100000000)
  region size 1024K, 248 young (253952K), 0 survivors (0K)
 Metaspace       used 8728K, capacity 8890K, committed 9216K, reserved 1056768K
  class space    used 803K, capacity 906K, committed 1024K, reserved 1048576K
}
Event: 5879.499 GC heap after
{Heap after GC invocations=12122 (full 0):
 garbage-first heap   total 423936K, used 21241K [0x00000000c3200000, 0x0000000100000000)
  region size 1024K, 0 young (0K), 0 survivors (0K)
 Metaspace       used 8728K, capacity 8890K, committed 9216K, reserved 1056768K
  class space    used 803K, capacity 906K, committed 1024K, reserved 1048576K
}
Event: 5881.152 GC heap before
{Heap before GC invocations=12122 (full 0):
 garbage-first heap   total 423936K, used 41721K [0x00000000c3200000, 0x0000000100000000)
  region size 1024K, 20 young (20480K), 0 survivors (0K)
 Metaspace       used 8728K, capacity 8890K, committed 9216K, reserved 1056768K
  class space    used 803K, capacity 906K, committed 1024K, reserved 1048576K
}
Event: 5881.692 GC heap after
{Heap after GC invocations=12123 (full 0):
 garbage-first heap   total 423936K, used 21241K [0x00000000c3200000, 0x0000000100000000)
  region size 1024K, 0 young (0K), 0 survivors (0K)
 Metaspace       used 8728K, capacity 8890K, committed 9216K, reserved 1056768K
  class space    used 803K, capacity 906K, committed 1024K, reserved 1048576K
}
Event: 5883.069 GC heap before
{Heap before GC invocations=12123 (full 0):
 garbage-first heap   total 423936K, used 41721K [0x00000000c3200000, 0x0000000100000000)
  region size 1024K, 20 young (20480K), 0 survivors (0K)
 Metaspace       used 8728K, capacity 8890K, committed 9216K, reserved 1056768K
  class space    used 803K, capacity 906K, committed 1024K, reserved 1048576K
}

