# JRE version: Java(TM) SE Runtime Environment (11.0.2+9) (build 11.0.2+9-LTS)
# Java VM: Java HotSpot(TM) 64-Bit Server VM (11.0.2+9-LTS, mixed mode, tiered, compressed oops, g1 gc, windows-amd64)
Heap:
 garbage-first heap   total 768000K, used 29058K [0x00000000c3200000, 0x0000000100000000)
  region size 1024K, 0 young (0K), 0 survivors (0K)
 Metaspace       used 17475K, capacity 17933K, committed 18048K, reserved 1064960K
  class space    used 1885K, capacity 2092K, committed 2176K, reserved 1048576K
GC Heap History (10 events):
Event: 2786.669 GC heap after
{Heap after GC invocations=6749 (full 0):
 garbage-first heap   total 614400K, used 29058K [0x00000000c3200000, 0x0000000100000000)
  region size 1024K, 0 young (0K), 0 survivors (0K)
 Metaspace       used 17475K, capacity 17933K, committed 18048K, reserved 1064960K
  class space    used 1885K, capacity 2092K, committed 2176K, reserved 1048576K
}
Event: 2786.744 GC heap before
{Heap before GC invocations=6749 (full 0):
 garbage-first heap   total 614400K, used 59778K [0x00000000c3200000, 0x0000000100000000)
  region size 1024K, 30 young (30720K), 0 survivors (0K)
 Metaspace       used 17475K, capacity 17933K, committed 18048K, reserved 1064960K
  class space    used 1885K, capacity 2092K, committed 2176K, reserved 1048576K
}
Event: 2786.745 GC heap after
{Heap after GC invocations=6750 (full 0):
 garbage-first heap   total 614400K, used 29058K [0x00000000c3200000, 0x0000000100000000)
  region size 1024K, 0 young (0K), 0 survivors (0K)
 Metaspace       used 17475K, capacity 17933K, committed 18048K, reserved 1064960K
  class space    used 1885K, capacity 2092K, committed 2176K, reserved 1048576K
}
Event: 2786.792 GC heap before
{Heap before GC invocations=6750 (full 0):
 garbage-first heap   total 614400K, used 59778K [0x00000000c3200000, 0x0000000100000000)
  region size 1024K, 30 young (30720K), 0 survivors (0K)
 Metaspace       used 17475K, capacity 17933K, committed 18048K, reserved 1064960K
  class space    used 1885K, capacity 2092K, committed 2176K, reserved 1048576K
}
Event: 2786.793 GC heap after
{Heap after GC invocations=6751 (full 0):
 garbage-first heap   total 614400K, used 29058K [0x00000000c3200000, 0x0000000100000000)
  region size 1024K, 0 young (0K), 0 survivors (0K)
 Metaspace       used 17475K, capacity 17933K, committed 18048K, reserved 1064960K
  class space    used 1885K, capacity 2092K, committed 2176K, reserved 1048576K
}
Event: 2786.840 GC heap before
{Heap before GC invocations=6751 (full 0):
 garbage-first heap   total 614400K, used 59778K [0x00000000c3200000, 0x0000000100000000)
  region size 1024K, 30 young (30720K), 0 survivors (0K)
 Metaspace       used 17475K, capacity 17933K, committed 18048K, reserved 1064960K
  class space    used 1885K, capacity 2092K, committed 2176K, reserved 1048576K
}
Event: 2786.841 GC heap after
{Heap after GC invocations=6752 (full 0):
 garbage-first heap   total 614400K, used 29058K [0x00000000c3200000, 0x0000000100000000)
  region size 1024K, 0 young (0K), 0 survivors (0K)
 Metaspace       used 17475K, capacity 17933K, committed 18048K, reserved 1064960K
  class space    used 1885K, capacity 2092K, committed 2176K, reserved 1048576K
}
Event: 2786.889 GC heap before
{Heap before GC invocations=6752 (full 0):
 garbage-first heap   total 614400K, used 59778K [0x00000000c3200000, 0x0000000100000000)
  region size 1024K, 30 young (30720K), 0 survivors (0K)
 Metaspace       used 17475K, capacity 17933K, committed 18048K, reserved 1064960K
  class space    used 1885K, capacity 2092K, committed 2176K, reserved 1048576K
}
Event: 2786.890 GC heap after
{Heap after GC invocations=6753 (full 0):
 garbage-first heap   total 614400K, used 29058K [0x00000000c3200000, 0x0000000100000000)
  region size 1024K, 0 young (0K), 0 survivors (0K)
 Metaspace       used 17475K, capacity 17933K, committed 18048K, reserved 1064960K
  class space    used 1885K, capacity 2092K, committed 2176K, reserved 1048576K
}
Event: 2786.938 GC heap before
{Heap before GC invocations=6753 (full 0):
 garbage-first heap   total 614400K, used 59778K [0x00000000c3200000, 0x0000000100000000)
  region size 1024K, 30 young (30720K), 0 survivors (0K)
 Metaspace       used 17475K, capacity 17933K, committed 18048K, reserved 1064960K
  class space    used 1885K, capacity 2092K, committed 2176K, reserved 1048576K
}

