# JRE version: Java(TM) SE Runtime Environment (11.0.2+9) (build 11.0.2+9-LTS)
# Java VM: Java HotSpot(TM) 64-Bit Server VM (11.0.2+9-LTS, mixed mode, tiered, compressed oops, g1 gc, windows-amd64)
Heap:
 garbage-first heap   total 380928K, used 21506K [0x00000000c3200000, 0x0000000100000000)
  region size 1024K, 0 young (0K), 0 survivors (0K)
 Metaspace       used 8733K, capacity 8894K, committed 9216K, reserved 1056768K
  class space    used 803K, capacity 906K, committed 1024K, reserved 1048576K
GC Heap History (10 events):
Event: 6258.459 GC heap after
{Heap after GC invocations=11644 (full 0):
 garbage-first heap   total 126976K, used 21506K [0x00000000c3200000, 0x0000000100000000)
  region size 1024K, 0 young (0K), 0 survivors (0K)
 Metaspace       used 8733K, capacity 8894K, committed 9216K, reserved 1056768K
  class space    used 803K, capacity 906K, committed 1024K, reserved 1048576K
}
Event: 6258.609 GC heap before
{Heap before GC invocations=11644 (full 0):
 garbage-first heap   total 126976K, used 97282K [0x00000000c3200000, 0x0000000100000000)
  region size 1024K, 74 young (75776K), 0 survivors (0K)
 Metaspace       used 8733K, capacity 8894K, committed 9216K, reserved 1056768K
  class space    used 803K, capacity 906K, committed 1024K, reserved 1048576K
}
Event: 6258.610 GC heap after
{Heap after GC invocations=11645 (full 0):
 garbage-first heap   total 126976K, used 21506K [0x00000000c3200000, 0x0000000100000000)
  region size 1024K, 0 young (0K), 0 survivors (0K)
 Metaspace       used 8733K, capacity 8894K, committed 9216K, reserved 1056768K
  class space    used 803K, capacity 906K, committed 1024K, reserved 1048576K
}
Event: 6258.763 GC heap before
{Heap before GC invocations=11645 (full 0):
 garbage-first heap   total 126976K, used 97282K [0x00000000c3200000, 0x0000000100000000)
  region size 1024K, 74 young (75776K), 0 survivors (0K)
 Metaspace       used 8733K, capacity 8894K, committed 9216K, reserved 1056768K
  class space    used 803K, capacity 906K, committed 1024K, reserved 1048576K
}
Event: 6258.763 GC heap after
{Heap after GC invocations=11646 (full 0):
 garbage-first heap   total 126976K, used 21506K [0x00000000c3200000, 0x0000000100000000)
  region size 1024K, 0 young (0K), 0 survivors (0K)
 Metaspace       used 8733K, capacity 8894K, committed 9216K, reserved 1056768K
  class space    used 803K, capacity 906K, committed 1024K, reserved 1048576K
}
Event: 6258.917 GC heap before
{Heap before GC invocations=11646 (full 0):
 garbage-first heap   total 126976K, used 97282K [0x00000000c3200000, 0x0000000100000000)
  region size 1024K, 74 young (75776K), 0 survivors (0K)
 Metaspace       used 8733K, capacity 8894K, committed 9216K, reserved 1056768K
  class space    used 803K, capacity 906K, committed 1024K, reserved 1048576K
}
Event: 6258.917 GC heap after
{Heap after GC invocations=11647 (full 0):
 garbage-first heap   total 126976K, used 21506K [0x00000000c3200000, 0x0000000100000000)
  region size 1024K, 0 young (0K), 0 survivors (0K)
 Metaspace       used 8733K, capacity 8894K, committed 9216K, reserved 1056768K
  class space    used 803K, capacity 906K, committed 1024K, reserved 1048576K
}
Event: 6259.068 GC heap before
{Heap before GC invocations=11647 (full 0):
 garbage-first heap   total 126976K, used 97282K [0x00000000c3200000, 0x0000000100000000)
  region size 1024K, 74 young (75776K), 0 survivors (0K)
 Metaspace       used 8733K, capacity 8894K, committed 9216K, reserved 1056768K
  class space    used 803K, capacity 906K, committed 1024K, reserved 1048576K
}
Event: 6259.069 GC heap after
{Heap after GC invocations=11648 (full 0):
 garbage-first heap   total 126976K, used 21506K [0x00000000c3200000, 0x0000000100000000)
  region size 1024K, 0 young (0K), 0 survivors (0K)
 Metaspace       used 8733K, capacity 8894K, committed 9216K, reserved 1056768K
  class space    used 803K, capacity 906K, committed 1024K, reserved 1048576K
}
Event: 6259.229 GC heap before
{Heap before GC invocations=11648 (full 0):
 garbage-first heap   total 126976K, used 97282K [0x00000000c3200000, 0x0000000100000000)
  region size 1024K, 74 young (75776K), 0 survivors (0K)
 Metaspace       used 8733K, capacity 8894K, committed 9216K, reserved 1056768K
  class space    used 803K, capacity 906K, committed 1024K, reserved 1048576K
}

