# JRE version: Java(TM) SE Runtime Environment (11.0.2+9) (build 11.0.2+9-LTS)
# Java VM: Java HotSpot(TM) 64-Bit Server VM (11.0.2+9-LTS, mixed mode, tiered, compressed oops, g1 gc, windows-amd64)
Heap:
 garbage-first heap   total 380928K, used 21578K [0x00000000c3200000, 0x0000000100000000)
  region size 1024K, 0 young (0K), 0 survivors (0K)
 Metaspace       used 8703K, capacity 8886K, committed 9216K, reserved 1056768K
  class space    used 803K, capacity 906K, committed 1024K, reserved 1048576K
GC Heap History (10 events):
Event: 6266.123 GC heap after
{Heap after GC invocations=11734 (full 0):
 garbage-first heap   total 126976K, used 21578K [0x00000000c3200000, 0x0000000100000000)
  region size 1024K, 0 young (0K), 0 survivors (0K)
 Metaspace       used 8703K, capacity 8886K, committed 9216K, reserved 1056768K
  class space    used 803K, capacity 906K, committed 1024K, reserved 1048576K
}
Event: 6266.160 GC heap before
{Heap before GC invocations=11734 (full 0):
 garbage-first heap   total 126976K, used 27722K [0x00000000c3200000, 0x0000000100000000)
  region size 1024K, 6 young (6144K), 0 survivors (0K)
 Metaspace       used 8703K, capacity 8886K, committed 9216K, reserved 1056768K
  class space    used 803K, capacity 906K, committed 1024K, reserved 1048576K
}
Event: 6269.057 GC heap after
{Heap after GC invocations=11735 (full 0):
 garbage-first heap   total 126976K, used 21578K [0x00000000c3200000, 0x0000000100000000)
  region size 1024K, 0 young (0K), 0 survivors (0K)
 Metaspace       used 8703K, capacity 8886K, committed 9216K, reserved 1056768K
  class space    used 803K, capacity 906K, committed 1024K, reserved 1048576K
}
Event: 6272.046 GC heap before
{Heap before GC invocations=11735 (full 0):
 garbage-first heap   total 126976K, used 97354K [0x00000000c3200000, 0x0000000100000000)
  region size 1024K, 74 young (75776K), 0 survivors (0K)
 Metaspace       used 8703K, capacity 8886K, committed 9216K, reserved 1056768K
  class space    used 803K, capacity 906K, committed 1024K, reserved 1048576K
}
Event: 6272.623 GC heap after
{Heap after GC invocations=11736 (full 0):
 garbage-first heap   total 126976K, used 21578K [0x00000000c3200000, 0x0000000100000000)
  region size 1024K, 0 young (0K), 0 survivors (0K)
 Metaspace       used 8703K, capacity 8886K, committed 9216K, reserved 1056768K
  class space    used 803K, capacity 906K, committed 1024K, reserved 1048576K
}
Event: 6273.095 GC heap before
{Heap before GC invocations=11736 (full 0):
 garbage-first heap   total 126976K, used 97354K [0x00000000c3200000, 0x0000000100000000)
  region size 1024K, 74 young (75776K), 0 survivors (0K)
 Metaspace       used 8703K, capacity 8886K, committed 9216K, reserved 1056768K
  class space    used 803K, capacity 906K, committed 1024K, reserved 1048576K
}
Event: 6273.096 GC heap after
{Heap after GC invocations=11737 (full 0):
 garbage-first heap   total 126976K, used 21578K [0x00000000c3200000, 0x0000000100000000)
  region size 1024K, 0 young (0K), 0 survivors (0K)
 Metaspace       used 8703K, capacity 8886K, committed 9216K, reserved 1056768K
  class space    used 803K, capacity 906K, committed 1024K, reserved 1048576K
}
Event: 6274.056 GC heap before
{Heap before GC invocations=11737 (full 0):
 garbage-first heap   total 126976K, used 97354K [0x00000000c3200000, 0x0000000100000000)
  region size 1024K, 74 young (75776K), 0 survivors (0K)
 Metaspace       used 8703K, capacity 8886K, committed 9216K, reserved 1056768K
  class space    used 803K, capacity 906K, committed 1024K, reserved 1048576K
}
Event: 6275.422 GC heap after
{Heap after GC invocations=11738 (full 0):
 garbage-first heap   total 126976K, used 21578K [0x00000000c3200000, 0x0000000100000000)
  region size 1024K, 0 young (0K), 0 survivors (0K)
 Metaspace       used 8703K, capacity 8886K, committed 9216K, reserved 1056768K
  class space    used 803K, capacity 906K, committed 1024K, reserved 1048576K
}
Event: 6277.834 GC heap before
{Heap before GC invocations=11738 (full 0):
 garbage-first heap   total 126976K, used 97354K [0x00000000c3200000, 0x0000000100000000)
  region size 1024K, 74 young (75776K), 0 survivors (0K)
 Metaspace       used 8703K, capacity 8886K, committed 9216K, reserved 1056768K
  class space    used 803K, capacity 906K, committed 1024K, reserved 1048576K
}

