# JRE version: Java(TM) SE Runtime Environment (11.0.2+9) (build 11.0.2+9-LTS)
# Java VM: Java HotSpot(TM) 64-Bit Server VM (11.0.2+9-LTS, mixed mode, tiered, compressed oops, g1 gc, windows-amd64)
Heap:
 garbage-first heap   total 780288K, used 30262K [0x00000000c3200000, 0x0000000100000000)
  region size 1024K, 0 young (0K), 0 survivors (0K)
 Metaspace       used 18366K, capacity 18798K, committed 19072K, reserved 1067008K
  class space    used 1913K, capacity 2124K, committed 2176K, reserved 1048576K
GC Heap History (10 events):
Event: 6585.766 GC heap after
{Heap after GC invocations=18336 (full 0):
 garbage-first heap   total 634880K, used 30268K [0x00000000c3200000, 0x0000000100000000)
  region size 1024K, 1 young (1024K), 1 survivors (1024K)
 Metaspace       used 18366K, capacity 18798K, committed 19072K, reserved 1067008K
  class space    used 1913K, capacity 2124K, committed 2176K, reserved 1048576K
}
Event: 6586.497 GC heap before
{Heap before GC invocations=18336 (full 0):
 garbage-first heap   total 634880K, used 60988K [0x00000000c3200000, 0x0000000100000000)
  region size 1024K, 31 young (31744K), 1 survivors (1024K)
 Metaspace       used 18366K, capacity 18798K, committed 19072K, reserved 1067008K
  class space    used 1913K, capacity 2124K, committed 2176K, reserved 1048576K
}
Event: 6587.174 GC heap after
{Heap after GC invocations=18337 (full 0):
 garbage-first heap   total 634880K, used 30268K [0x00000000c3200000, 0x0000000100000000)
  region size 1024K, 1 young (1024K), 1 survivors (1024K)
 Metaspace       used 18366K, capacity 18798K, committed 19072K, reserved 1067008K
  class space    used 1913K, capacity 2124K, committed 2176K, reserved 1048576K
}
Event: 6587.836 GC heap before
{Heap before GC invocations=18337 (full 0):
 garbage-first heap   total 634880K, used 60988K [0x00000000c3200000, 0x0000000100000000)
  region size 1024K, 31 young (31744K), 1 survivors (1024K)
 Metaspace       used 18366K, capacity 18798K, committed 19072K, reserved 1067008K
  class space    used 1913K, capacity 2124K, committed 2176K, reserved 1048576K
}
Event: 6587.837 GC heap after
{Heap after GC invocations=18338 (full 0):
 garbage-first heap   total 634880K, used 30270K [0x00000000c3200000, 0x0000000100000000)
  region size 1024K, 1 young (1024K), 1 survivors (1024K)
 Metaspace       used 18366K, capacity 18798K, committed 19072K, reserved 1067008K
  class space    used 1913K, capacity 2124K, committed 2176K, reserved 1048576K
}
Event: 6589.336 GC heap before
{Heap before GC invocations=18338 (full 0):
 garbage-first heap   total 634880K, used 60990K [0x00000000c3200000, 0x0000000100000000)
  region size 1024K, 31 young (31744K), 1 survivors (1024K)
 Metaspace       used 18366K, capacity 18798K, committed 19072K, reserved 1067008K
  class space    used 1913K, capacity 2124K, committed 2176K, reserved 1048576K
}
Event: 6589.337 GC heap after
{Heap after GC invocations=18339 (full 0):
 garbage-first heap   total 634880K, used 30266K [0x00000000c3200000, 0x0000000100000000)
  region size 1024K, 1 young (1024K), 1 survivors (1024K)
 Metaspace       used 18366K, capacity 18798K, committed 19072K, reserved 1067008K
  class space    used 1913K, capacity 2124K, committed 2176K, reserved 1048576K
}
Event: 6590.352 GC heap before
{Heap before GC invocations=18339 (full 0):
 garbage-first heap   total 634880K, used 60986K [0x00000000c3200000, 0x0000000100000000)
  region size 1024K, 31 young (31744K), 1 survivors (1024K)
 Metaspace       used 18366K, capacity 18798K, committed 19072K, reserved 1067008K
  class space    used 1913K, capacity 2124K, committed 2176K, reserved 1048576K
}
Event: 6591.154 GC heap after
{Heap after GC invocations=18340 (full 0):
 garbage-first heap   total 634880K, used 30262K [0x00000000c3200000, 0x0000000100000000)
  region size 1024K, 0 young (0K), 0 survivors (0K)
 Metaspace       used 18366K, capacity 18798K, committed 19072K, reserved 1067008K
  class space    used 1913K, capacity 2124K, committed 2176K, reserved 1048576K
}
Event: 6591.588 GC heap before
{Heap before GC invocations=18340 (full 0):
 garbage-first heap   total 634880K, used 62006K [0x00000000c3200000, 0x0000000100000000)
  region size 1024K, 31 young (31744K), 0 survivors (0K)
 Metaspace       used 18366K, capacity 18798K, committed 19072K, reserved 1067008K
  class space    used 1913K, capacity 2124K, committed 2176K, reserved 1048576K
}

